<?xml version="1.0" encoding="UTF-8"?>
<testng-results skipped="0" failed="0" total="1" passed="1">
  <reporter-output>
  </reporter-output>
  <suite name="TestStops" duration-ms="1633" started-at="2019-01-20T02:59:17Z" finished-at="2019-01-20T02:59:19Z">
    <groups>
    </groups>
    <test name="getStops" duration-ms="1633" started-at="2019-01-20T02:59:17Z" finished-at="2019-01-20T02:59:19Z">
      <class name="getRequest.getStopDetailsTest">
        <test-method status="PASS" signature="setBaseUrl()[pri:0, instance:getRequest.getStopDetailsTest@3796751b]" name="setBaseUrl" is-config="true" duration-ms="334" started-at="2019-01-20T13:59:17Z" finished-at="2019-01-20T13:59:17Z">
          <reporter-output>
          </reporter-output>
        </test-method> <!-- setBaseUrl -->
        <test-method status="PASS" signature="setReadProperties()[pri:0, instance:getRequest.getStopDetailsTest@3796751b]" name="setReadProperties" is-config="true" duration-ms="1" started-at="2019-01-20T13:59:17Z" finished-at="2019-01-20T13:59:17Z">
          <reporter-output>
          </reporter-output>
        </test-method> <!-- setReadProperties -->
        <test-method status="PASS" signature="testResponse()[pri:0, instance:getRequest.getStopDetailsTest@3796751b]" name="testResponse" duration-ms="1625" started-at="2019-01-20T13:59:17Z" finished-at="2019-01-20T13:59:19Z">
          <reporter-output>
          </reporter-output>
        </test-method> <!-- testResponse -->
      </class> <!-- getRequest.getStopDetailsTest -->
    </test> <!-- getStops -->
  </suite> <!-- TestStops -->
</testng-results>
